<?xml version="1.0" encoding="UTF-8"?>
<!-- Generated by org.testng.reporters.JUnitXMLReporter -->
<testsuite ignored="0" hostname="DESKTOP-02HTNM8" failures="0" tests="2" name="Sanity Test Case" time="8.504" errors="0" timestamp="2023-01-10T06:38:22 IST">
  <testcase classname="com.automation.sanity.HandlingFrameUsingName" name="handlingFrames" time="4.237"/>
  <testcase classname="com.automation.sanity.HandlingDynamicWebTable" name="handlingWebTable" time="4.232"/>
</testsuite> <!-- Sanity Test Case -->
