<?xml version="1.0" encoding="UTF-8"?>
<testng-results ignored="0" total="2" passed="2" failed="0" skipped="0">
  <reporter-output>
  </reporter-output>
  <suite started-at="2023-01-10T06:38:13 IST" name="Automation Suite" finished-at="2023-01-10T06:38:22 IST" duration-ms="8504">
    <groups>
    </groups>
    <test started-at="2023-01-10T06:38:13 IST" name="Sanity Test Case" finished-at="2023-01-10T06:38:22 IST" duration-ms="8504">
      <class name="com.automation.sanity.HandlingFrameUsingName">
        <test-method signature="handlingFrames()[pri:0, instance:com.automation.sanity.HandlingFrameUsingName@5fa07e12]" started-at="2023-01-10T06:38:13 IST" name="handlingFrames" finished-at="2023-01-10T06:38:18 IST" duration-ms="4237" status="PASS">
          <reporter-output>
          </reporter-output>
        </test-method> <!-- handlingFrames -->
      </class> <!-- com.automation.sanity.HandlingFrameUsingName -->
      <class name="com.automation.sanity.HandlingDynamicWebTable">
        <test-method signature="handlingWebTable()[pri:0, instance:com.automation.sanity.HandlingDynamicWebTable@77eca502]" started-at="2023-01-10T06:38:18 IST" name="handlingWebTable" finished-at="2023-01-10T06:38:22 IST" duration-ms="4232" status="PASS">
          <reporter-output>
          </reporter-output>
        </test-method> <!-- handlingWebTable -->
      </class> <!-- com.automation.sanity.HandlingDynamicWebTable -->
    </test> <!-- Sanity Test Case -->
  </suite> <!-- Automation Suite -->
</testng-results>
