<?xml version="1.0" encoding="UTF-8"?>
<testsuite xmlns:xsi="http://www.w3.org/2001/XMLSchema-instance" xsi:noNamespaceSchemaLocation="https://maven.apache.org/surefire/maven-surefire-plugin/xsd/surefire-test-report.xsd" name="TestSuite" time="8.966" tests="2" errors="0" skipped="0" failures="0">
  <properties>
[...]
</properties>
  <testcase name="handlingFrames" classname="com.automation.sanity.HandlingFrameUsingName" time="4.246"/>
  <testcase name="handlingWebTable" classname="com.automation.sanity.HandlingDynamicWebTable" time="4.22"/>
</testsuite>