<?xml version="1.0" encoding="UTF-8"?>
<!-- Generated by org.testng.reporters.JUnitXMLReporter -->
<testsuite ignored="0" hostname="DESKTOP-02HTNM8" failures="0" tests="2" name="Sanity Test Case" time="7.908" errors="0" timestamp="2023-01-10T06:39:28 IST">
  <testcase classname="com.automation.sanity.HandlingFrameUsingName" name="handlingFrames" time="3.74"/>
  <testcase classname="com.automation.sanity.HandlingDynamicWebTable" name="handlingWebTable" time="4.131"/>
</testsuite> <!-- Sanity Test Case -->
