<?xml version="1.0" encoding="UTF-8"?>
<testng-results ignored="0" total="3" passed="3" failed="0" skipped="0">
  <reporter-output>
  </reporter-output>
  <suite started-at="2023-01-11T17:11:47 IST" name="Automation Suite" finished-at="2023-01-11T17:12:01 IST" duration-ms="14138">
    <groups>
    </groups>
    <test started-at="2023-01-11T17:11:47 IST" name="Chrome Browser" finished-at="2023-01-11T17:11:51 IST" duration-ms="4137">
      <class name="com.automation.sanity.HandlingFrameUsingName">
        <test-method is-config="true" signature="launchApplication(java.lang.String,java.lang.String)[pri:0, instance:com.automation.sanity.HandlingFrameUsingName@66d3eec0]" started-at="2023-01-11T17:11:47 IST" name="launchApplication" finished-at="2023-01-11T17:11:50 IST" duration-ms="2690" status="PASS">
          <params>
            <param index="0">
              <value>
                <![CDATA[chrome]]>
              </value>
            </param>
            <param index="1">
              <value>
                <![CDATA[https://www.selenium.dev/selenium/docs/api/java/index.html?org/openqa/selenium/package-summary.html]]>
              </value>
            </param>
          </params>
          <reporter-output>
          </reporter-output>
        </test-method> <!-- launchApplication -->
        <test-method signature="handlingFrames()[pri:0, instance:com.automation.sanity.HandlingFrameUsingName@66d3eec0]" started-at="2023-01-11T17:11:50 IST" name="handlingFrames" finished-at="2023-01-11T17:11:51 IST" duration-ms="1268" status="PASS">
          <reporter-output>
          </reporter-output>
        </test-method> <!-- handlingFrames -->
        <test-method is-config="true" signature="closeApplication()[pri:0, instance:com.automation.sanity.HandlingFrameUsingName@66d3eec0]" started-at="2023-01-11T17:11:51 IST" name="closeApplication" finished-at="2023-01-11T17:11:51 IST" duration-ms="135" status="PASS">
          <reporter-output>
          </reporter-output>
        </test-method> <!-- closeApplication -->
      </class> <!-- com.automation.sanity.HandlingFrameUsingName -->
    </test> <!-- Chrome Browser -->
    <test started-at="2023-01-11T17:11:51 IST" name="FireFox Browser" finished-at="2023-01-11T17:11:57 IST" duration-ms="5689">
      <class name="com.automation.sanity.HandlingFrameUsingName">
        <test-method is-config="true" signature="launchApplication(java.lang.String,java.lang.String)[pri:0, instance:com.automation.sanity.HandlingFrameUsingName@1e1a0406]" started-at="2023-01-11T17:11:51 IST" name="launchApplication" finished-at="2023-01-11T17:11:55 IST" duration-ms="3968" status="PASS">
          <params>
            <param index="0">
              <value>
                <![CDATA[firefox]]>
              </value>
            </param>
            <param index="1">
              <value>
                <![CDATA[https://www.selenium.dev/selenium/docs/api/java/index.html?org/openqa/selenium/package-summary.html]]>
              </value>
            </param>
          </params>
          <reporter-output>
          </reporter-output>
        </test-method> <!-- launchApplication -->
        <test-method signature="handlingFrames()[pri:0, instance:com.automation.sanity.HandlingFrameUsingName@1e1a0406]" started-at="2023-01-11T17:11:55 IST" name="handlingFrames" finished-at="2023-01-11T17:11:56 IST" duration-ms="1043" status="PASS">
          <reporter-output>
          </reporter-output>
        </test-method> <!-- handlingFrames -->
        <test-method is-config="true" signature="closeApplication()[pri:0, instance:com.automation.sanity.HandlingFrameUsingName@1e1a0406]" started-at="2023-01-11T17:11:56 IST" name="closeApplication" finished-at="2023-01-11T17:11:57 IST" duration-ms="675" status="PASS">
          <reporter-output>
          </reporter-output>
        </test-method> <!-- closeApplication -->
      </class> <!-- com.automation.sanity.HandlingFrameUsingName -->
    </test> <!-- FireFox Browser -->
    <test started-at="2023-01-11T17:11:57 IST" name="Edge Browser" finished-at="2023-01-11T17:12:01 IST" duration-ms="4262">
      <class name="com.automation.sanity.HandlingFrameUsingName">
        <test-method is-config="true" signature="launchApplication(java.lang.String,java.lang.String)[pri:0, instance:com.automation.sanity.HandlingFrameUsingName@290222c1]" started-at="2023-01-11T17:11:57 IST" name="launchApplication" finished-at="2023-01-11T17:11:59 IST" duration-ms="2260" status="PASS">
          <params>
            <param index="0">
              <value>
                <![CDATA[edge]]>
              </value>
            </param>
            <param index="1">
              <value>
                <![CDATA[https://www.selenium.dev/selenium/docs/api/java/index.html?org/openqa/selenium/package-summary.html]]>
              </value>
            </param>
          </params>
          <reporter-output>
          </reporter-output>
        </test-method> <!-- launchApplication -->
        <test-method signature="handlingFrames()[pri:0, instance:com.automation.sanity.HandlingFrameUsingName@290222c1]" started-at="2023-01-11T17:11:59 IST" name="handlingFrames" finished-at="2023-01-11T17:12:01 IST" duration-ms="1824" status="PASS">
          <reporter-output>
          </reporter-output>
        </test-method> <!-- handlingFrames -->
        <test-method is-config="true" signature="closeApplication()[pri:0, instance:com.automation.sanity.HandlingFrameUsingName@290222c1]" started-at="2023-01-11T17:12:01 IST" name="closeApplication" finished-at="2023-01-11T17:12:01 IST" duration-ms="176" status="PASS">
          <reporter-output>
          </reporter-output>
        </test-method> <!-- closeApplication -->
      </class> <!-- com.automation.sanity.HandlingFrameUsingName -->
    </test> <!-- Edge Browser -->
  </suite> <!-- Automation Suite -->
</testng-results>
